
[date:Wed Aug 17 16:30:15 2016] [user:001] [operation:login]
[date:Wed Aug 17 16:30:16 2016] [user:001] [operation:transferCash]
[date:Wed Aug 17 16:31:22 2016] [user:001] [operation:login]
[date:Wed Aug 17 16:31:24 2016] [user:001] [operation:search]
[date:Wed Aug 17 16:31:27 2016] [user:001] [operation:chargeCash.]
[date:Wed Aug 17 16:31:33 2016] [user:001] [operation:login]
[date:Wed Aug 17 16:31:35 2016] [user:001] [operation:transferCash]
[date:Wed Aug 17 16:33:29 2016] [user:003] [operation:login]
[date:Wed Aug 17 16:33:30 2016] [user:003] [operation:transferCash]
[date:Wed Aug 17 16:33:34 2016] [user:003] [operation:transer 500 to 001]
[date:Wed Aug 17 16:38:08 2016] [user:001] [operation:login]
[date:Wed Aug 17 16:38:10 2016] [user:001] [operation:transferCash]
[date:Wed Aug 17 16:38:22 2016] [user:001] [operation:transer 0 to 003]
[date:Wed Aug 17 16:39:52 2016] [user:001] [operation:login]
[date:Wed Aug 17 16:39:53 2016] [user:001] [operation:transferCash]
[date:Wed Aug 17 16:40:34 2016] [user:001] [operation:login]
[date:Wed Aug 17 16:40:35 2016] [user:001] [operation:transferCash]
[date:Wed Aug 17 16:41:36 2016] [user:001] [operation:login]
[date:Wed Aug 17 16:41:37 2016] [user:001] [operation:transferCash]
[date:Wed Aug 17 16:42:04 2016] [user:001] [operation:login]
[date:Wed Aug 17 16:42:05 2016] [user:001] [operation:transferCash]
[date:Wed Aug 17 17:01:47 2016] [user:001] [operation:login]
[date:Wed Aug 17 17:01:48 2016] [user:001] [operation:search]
[date:Wed Aug 17 17:01:55 2016] [user:001] [operation:login]
[date:Wed Aug 17 17:01:58 2016] [user:001] [operation:withdrawCash]
[date:Wed Aug 17 17:02:09 2016] [user:001] [operation:withdrasw cash 300 success.]
[date:Wed Aug 17 17:05:14 2016] [user:001] [operation:login]
[date:Wed Aug 17 17:05:15 2016] [user:001] [operation:withdrawCash]
[date:Wed Aug 17 17:05:17 2016] [user:001] [operation:withdrasw cash 500 success,the interest is 15.0]
[date:Wed Aug 17 17:05:51 2016] [user:001] [operation:login]
[date:Wed Aug 17 17:05:52 2016] [user:001] [operation:transferCash]
[date:Wed Aug 17 17:07:13 2016] [user:001] [operation:login]
[date:Wed Aug 17 17:07:15 2016] [user:001] [operation:transferCash]
[date:Wed Aug 17 17:11:55 2016] [user:001] [operation:login]
[date:Wed Aug 17 17:11:58 2016] [user:001] [operation:search]
[date:Wed Aug 17 17:12:10 2016] [user:001] [operation:login]
[date:Wed Aug 17 17:12:12 2016] [user:001] [operation:withdrawCash]
[date:Wed Aug 17 17:12:17 2016] [user:001] [operation:withdrasw cash 5000 success,the interest is 250.0]
[date:Wed Aug 17 17:13:25 2016] [user:001] [operation:login]
[date:Wed Aug 17 17:13:27 2016] [user:001] [operation:transferCash]
[date:Wed Aug 17 17:16:09 2016] [user:001] [operation:login]
[date:Wed Aug 17 17:16:11 2016] [user:001] [operation:withdrawCash]
[date:Wed Aug 17 17:16:17 2016] [user:001] [operation:withdrasw cash 500 success,the interest is 25.0]
[date:Wed Aug 17 17:17:40 2016] [user:001] [operation:login]
[date:Wed Aug 17 17:17:43 2016] [user:001] [operation:withdrawCash]
[date:Wed Aug 17 17:17:50 2016] [user:001] [operation:withdrasw cash 4225 success,the interest is 211.25]
[date:Wed Aug 17 17:19:54 2016] [user:001] [operation:login]
[date:Wed Aug 17 17:19:55 2016] [user:001] [operation:withdrawCash]
[date:Wed Aug 17 17:20:00 2016] [user:001] [operation:withdrasw cash 14000 success,the interest is 700.0]
[date:Wed Aug 17 17:22:26 2016] [user:001] [operation:login]
[date:Wed Aug 17 17:22:27 2016] [user:001] [operation:transferCash]
[date:Wed Aug 17 17:27:01 2016] [user:001] [operation:login]
[date:Wed Aug 17 17:32:29 2016] [user:001] [operation:login]
[date:Wed Aug 17 17:32:30 2016] [user:001] [operation:withdrawCash]
[date:Wed Aug 17 17:32:46 2016] [user:001] [operation:login]
[date:Wed Aug 17 17:32:47 2016] [user:001] [operation:withdrawCash]
[date:Thu Aug 18 14:08:46 2016] [user:001] [operation:login]
[date:Thu Aug 18 14:08:50 2016] [user:001] [operation:search]
[date:Thu Aug 18 14:09:34 2016] [user:001] [operation:login]
[date:Thu Aug 18 14:09:35 2016] [user:001] [operation:search]
[date:Thu Aug 18 14:09:41 2016] [user:001] [operation:payCash£º5000]
[date:Thu Aug 18 14:10:19 2016] [user:001] [operation:login]
[date:Thu Aug 18 14:10:20 2016] [user:001] [operation:search]
[date:Thu Aug 18 14:12:40 2016] [user:001] [operation:login]
[date:Thu Aug 18 14:12:41 2016] [user:001] [operation:search]
[date:Thu Aug 18 14:15:17 2016] [user:001] [operation:login]
[date:Thu Aug 18 14:15:18 2016] [user:001] [operation:search]
[date:Thu Aug 18 14:15:56 2016] [user:001] [operation:login]
[date:Thu Aug 18 14:15:56 2016] [user:001] [operation:search]
[date:Thu Aug 18 14:18:09 2016] [user:001] [operation:login]
[date:Thu Aug 18 14:18:10 2016] [user:001] [operation:search]
[date:Thu Aug 18 14:20:44 2016] [user:001] [operation:login]
[date:Thu Aug 18 14:20:45 2016] [user:001] [operation:search]
[date:Thu Aug 18 14:20:53 2016] [user:001] [operation:login]
[date:Thu Aug 18 14:20:54 2016] [user:001] [operation:search]
[date:Thu Aug 18 14:21:20 2016] [user:001] [operation:login]
[date:Thu Aug 18 14:21:21 2016] [user:001] [operation:search]
[date:Thu Aug 18 14:21:39 2016] [user:001] [operation:login]
[date:Thu Aug 18 14:21:40 2016] [user:001] [operation:search]
[date:Thu Aug 18 14:21:46 2016] [user:001] [operation:chargeCash.]
[date:Thu Aug 18 14:23:47 2016] [user:001] [operation:login]
[date:Thu Aug 18 14:23:48 2016] [user:001] [operation:search]
[date:Thu Aug 18 14:24:00 2016] [user:001] [operation:payCash£º500]
[date:Thu Aug 18 14:24:08 2016] [user:001] [operation:chargeCash.]
[date:Thu Aug 18 14:24:14 2016] [user:001] [operation:payCash£º300]
[date:Thu Aug 18 14:48:30 2016] [user:001] [operation:login]
